<?xml version="1.0" encoding="UTF-8"?>
<!-- Generated by org.testng.reporters.JUnitReportReporter -->
<testsuite hostname="DESKTOP-D47G269" failures="0" tests="1" name="DHS.DHSWebTest" time="28.813" errors="0" timestamp="22 Sep 2022 15:55:38 GMT">
  <testcase classname="DHS.DHSWebTest" name="homepageTest" time="28.813"/>
</testsuite> <!-- DHS.DHSWebTest -->
